2024-06-17 11:49:14.315 [restartedMain] INFO  o.h.e.t.j.p.i.JtaPlatformInitiator - HHH000490: Using JtaPlatform implementation: [org.hibernate.engine.transaction.jta.platform.internal.NoJtaPlatform]
2024-06-17 11:49:14.320 [restartedMain] INFO  o.s.o.j.LocalContainerEntityManagerFactoryBean - Initialized JPA EntityManagerFactory for persistence unit 'default'
2024-06-17 11:49:14.465 [restartedMain] WARN  o.s.b.a.o.j.JpaBaseConfiguration$JpaWebConfiguration - spring.jpa.open-in-view is enabled by default. Therefore, database queries may be performed during view rendering. Explicitly configure spring.jpa.open-in-view to disable this warning
2024-06-17 11:49:14.489 [restartedMain] INFO  s.d.s.w.PropertySourcedRequestMappingHandlerMapping - Mapped URL path [/v2/api-docs] onto method [springfox.documentation.swagger2.web.Swagger2Controller#getDocumentation(String, HttpServletRequest)]
2024-06-17 11:49:14.504 [restartedMain] INFO  o.s.s.web.DefaultSecurityFilterChain - Will secure any request with [org.springframework.security.web.session.DisableEncodeUrlFilter@610dd275, org.springframework.security.web.context.request.async.WebAsyncManagerIntegrationFilter@9314bdf, org.springframework.security.web.context.SecurityContextPersistenceFilter@2a689210, org.springframework.security.web.header.HeaderWriterFilter@4e1a2e11, org.springframework.security.web.authentication.logout.LogoutFilter@71537957, org.springframework.security.web.authentication.www.BasicAuthenticationFilter@20860e65, org.springframework.security.web.savedrequest.RequestCacheAwareFilter@17cba42b, org.springframework.security.web.servletapi.SecurityContextHolderAwareRequestFilter@83e7a65, org.springframework.security.web.authentication.AnonymousAuthenticationFilter@18a7acb7, org.springframework.security.web.session.SessionManagementFilter@3fec4d47, org.springframework.security.web.access.ExceptionTranslationFilter@1ab4f55b, org.springframework.security.web.access.intercept.FilterSecurityInterceptor@45ca99af]
2024-06-17 11:49:14.528 [restartedMain] INFO  o.s.b.d.a.OptionalLiveReloadServer - LiveReload server is running on port 35729
2024-06-17 11:49:14.589 [restartedMain] INFO  o.s.b.w.e.tomcat.TomcatWebServer - Tomcat started on port(s): 9090 (http) with context path ''
2024-06-17 11:49:14.589 [restartedMain] INFO  s.d.s.w.p.DocumentationPluginsBootstrapper - Context refreshed
2024-06-17 11:49:14.589 [restartedMain] INFO  s.d.s.w.p.DocumentationPluginsBootstrapper - Found 1 custom documentation plugin(s)
2024-06-17 11:49:14.591 [restartedMain] INFO  s.d.s.w.s.ApiListingReferenceScanner - Scanning for api listing references
2024-06-17 11:49:14.615 [restartedMain] INFO  com.luxtavern.DemoApplication - Started DemoApplication in 1.225 seconds (JVM running for 6360.719)
2024-06-17 11:49:14.616 [restartedMain] INFO  o.s.b.d.a.ConditionEvaluationDeltaLoggingListener - Condition evaluation unchanged
2024-06-17 13:04:53.957 [HikariPool-15 housekeeper] WARN  com.zaxxer.hikari.pool.HikariPool - HikariPool-15 - Thread starvation or clock leap detected (housekeeper delta=1h12m9s573ms389µs300ns).
2024-06-17 14:28:45.220 [Thread-61] INFO  o.s.o.j.LocalContainerEntityManagerFactoryBean - Closing JPA EntityManagerFactory for persistence unit 'default'
2024-06-17 14:28:45.330 [Thread-61] INFO  com.zaxxer.hikari.HikariDataSource - HikariPool-15 - Shutdown initiated...
2024-06-17 14:28:45.361 [Thread-61] INFO  com.zaxxer.hikari.HikariDataSource - HikariPool-15 - Shutdown completed.
2024-06-17 14:28:46.049 [restartedMain] INFO  com.luxtavern.DemoApplication - Starting DemoApplication using Java 17 on RAVIDESKTOP-PQFLAFL with PID 23948 (F:\myprojects\LuxTavern\target\classes started by RAVIKIRAN in F:\myprojects\LuxTavern)
2024-06-17 14:28:46.049 [restartedMain] DEBUG com.luxtavern.DemoApplication - Running with Spring Boot v2.7.1, Spring v5.3.21
2024-06-17 14:28:46.049 [restartedMain] INFO  com.luxtavern.DemoApplication - No active profile set, falling back to 1 default profile: "default"
2024-06-17 14:28:47.042 [restartedMain] INFO  o.s.d.r.c.RepositoryConfigurationDelegate - Bootstrapping Spring Data JPA repositories in DEFAULT mode.
2024-06-17 14:28:47.059 [restartedMain] INFO  o.s.d.r.c.RepositoryConfigurationDelegate - Finished Spring Data repository scanning in 17 ms. Found 2 JPA repository interfaces.
2024-06-17 14:28:47.313 [restartedMain] INFO  o.s.b.w.e.tomcat.TomcatWebServer - Tomcat initialized with port(s): 9090 (http)
2024-06-17 14:28:47.314 [restartedMain] INFO  o.a.catalina.core.StandardService - Starting service [Tomcat]
2024-06-17 14:28:47.315 [restartedMain] INFO  o.a.catalina.core.StandardEngine - Starting Servlet engine: [Apache Tomcat/9.0.64]
2024-06-17 14:28:47.337 [restartedMain] INFO  o.a.c.c.C.[Tomcat-2].[localhost].[/] - Initializing Spring embedded WebApplicationContext
2024-06-17 14:28:47.337 [restartedMain] INFO  o.s.b.w.s.c.ServletWebServerApplicationContext - Root WebApplicationContext: initialization completed in 1285 ms
2024-06-17 14:28:47.360 [restartedMain] INFO  o.h.jpa.internal.util.LogHelper - HHH000204: Processing PersistenceUnitInfo [name: default]
2024-06-17 14:28:47.365 [restartedMain] INFO  com.zaxxer.hikari.HikariDataSource - HikariPool-16 - Starting...
2024-06-17 14:28:47.385 [restartedMain] INFO  com.zaxxer.hikari.HikariDataSource - HikariPool-16 - Start completed.
2024-06-17 14:28:47.386 [restartedMain] INFO  org.hibernate.dialect.Dialect - HHH000400: Using dialect: org.hibernate.dialect.MySQL8Dialect
2024-06-17 14:28:47.561 [restartedMain] INFO  o.h.e.t.j.p.i.JtaPlatformInitiator - HHH000490: Using JtaPlatform implementation: [org.hibernate.engine.transaction.jta.platform.internal.NoJtaPlatform]
2024-06-17 14:28:47.562 [restartedMain] INFO  o.s.o.j.LocalContainerEntityManagerFactoryBean - Initialized JPA EntityManagerFactory for persistence unit 'default'
2024-06-17 14:28:47.653 [restartedMain] WARN  o.s.b.w.s.c.AnnotationConfigServletWebServerApplicationContext - Exception encountered during context initialization - cancelling refresh attempt: org.springframework.beans.factory.UnsatisfiedDependencyException: Error creating bean with name 'authController': Unsatisfied dependency expressed through field 'authenticationManager'; nested exception is org.springframework.beans.factory.BeanCreationException: Error creating bean with name 'securityConfiguration' defined in file [F:\myprojects\LuxTavern\target\classes\com\luxtavern\security\SecurityConfiguration.class]: Instantiation of bean failed; nested exception is org.springframework.beans.BeanInstantiationException: Failed to instantiate [com.luxtavern.security.SecurityConfiguration$$EnhancerBySpringCGLIB$$dac13314]: Constructor threw exception; nested exception is java.lang.Error: Unresolved compilation problems: 
	JwtAuthEntryPoint cannot be resolved to a type
	JwtAuthEntryPoint cannot be resolved to a type

2024-06-17 14:28:47.691 [restartedMain] INFO  o.s.o.j.LocalContainerEntityManagerFactoryBean - Closing JPA EntityManagerFactory for persistence unit 'default'
2024-06-17 14:28:47.692 [restartedMain] INFO  com.zaxxer.hikari.HikariDataSource - HikariPool-16 - Shutdown initiated...
2024-06-17 14:28:47.696 [restartedMain] INFO  com.zaxxer.hikari.HikariDataSource - HikariPool-16 - Shutdown completed.
2024-06-17 14:28:47.697 [restartedMain] INFO  o.a.catalina.core.StandardService - Stopping service [Tomcat]
2024-06-17 14:28:47.702 [restartedMain] INFO  o.s.b.a.l.ConditionEvaluationReportLoggingListener - 

Error starting ApplicationContext. To display the conditions report re-run your application with 'debug' enabled.
2024-06-17 14:28:47.711 [restartedMain] ERROR o.s.boot.SpringApplication - Application run failed
org.springframework.beans.factory.UnsatisfiedDependencyException: Error creating bean with name 'authController': Unsatisfied dependency expressed through field 'authenticationManager'; nested exception is org.springframework.beans.factory.BeanCreationException: Error creating bean with name 'securityConfiguration' defined in file [F:\myprojects\LuxTavern\target\classes\com\luxtavern\security\SecurityConfiguration.class]: Instantiation of bean failed; nested exception is org.springframework.beans.BeanInstantiationException: Failed to instantiate [com.luxtavern.security.SecurityConfiguration$$EnhancerBySpringCGLIB$$dac13314]: Constructor threw exception; nested exception is java.lang.Error: Unresolved compilation problems: 
	JwtAuthEntryPoint cannot be resolved to a type
	JwtAuthEntryPoint cannot be resolved to a type

	at org.springframework.beans.factory.annotation.AutowiredAnnotationBeanPostProcessor$AutowiredFieldElement.resolveFieldValue(AutowiredAnnotationBeanPostProcessor.java:659)
	at org.springframework.beans.factory.annotation.AutowiredAnnotationBeanPostProcessor$AutowiredFieldElement.inject(AutowiredAnnotationBeanPostProcessor.java:639)
	at org.springframework.beans.factory.annotation.InjectionMetadata.inject(InjectionMetadata.java:119)
	at org.springframework.beans.factory.annotation.AutowiredAnnotationBeanPostProcessor.postProcessProperties(AutowiredAnnotationBeanPostProcessor.java:399)
	at org.springframework.beans.factory.support.AbstractAutowireCapableBeanFactory.populateBean(AbstractAutowireCapableBeanFactory.java:1431)
	at org.springframework.beans.factory.support.AbstractAutowireCapableBeanFactory.doCreateBean(AbstractAutowireCapableBeanFactory.java:619)
	at org.springframework.beans.factory.support.AbstractAutowireCapableBeanFactory.createBean(AbstractAutowireCapableBeanFactory.java:542)
	at org.springframework.beans.factory.support.AbstractBeanFactory.lambda$doGetBean$0(AbstractBeanFactory.java:335)
	at org.springframework.beans.factory.support.DefaultSingletonBeanRegistry.getSingleton(DefaultSingletonBeanRegistry.java:234)
	at org.springframework.beans.factory.support.AbstractBeanFactory.doGetBean(AbstractBeanFactory.java:333)
	at org.springframework.beans.factory.support.AbstractBeanFactory.getBean(AbstractBeanFactory.java:208)
	at org.springframework.beans.factory.support.DefaultListableBeanFactory.preInstantiateSingletons(DefaultListableBeanFactory.java:955)
	at org.springframework.context.support.AbstractApplicationContext.finishBeanFactoryInitialization(AbstractApplicationContext.java:918)
	at org.springframework.context.support.AbstractApplicationContext.refresh(AbstractApplicationContext.java:583)
	at org.springframework.boot.web.servlet.context.ServletWebServerApplicationContext.refresh(ServletWebServerApplicationContext.java:147)
	at org.springframework.boot.SpringApplication.refresh(SpringApplication.java:734)
	at org.springframework.boot.SpringApplication.refreshContext(SpringApplication.java:408)
	at org.springframework.boot.SpringApplication.run(SpringApplication.java:308)
	at org.springframework.boot.SpringApplication.run(SpringApplication.java:1306)
	at org.springframework.boot.SpringApplication.run(SpringApplication.java:1295)
	at com.luxtavern.DemoApplication.main(DemoApplication.java:25)
	at java.base/jdk.internal.reflect.NativeMethodAccessorImpl.invoke0(Native Method)
	at java.base/jdk.internal.reflect.NativeMethodAccessorImpl.invoke(NativeMethodAccessorImpl.java:77)
	at java.base/jdk.internal.reflect.DelegatingMethodAccessorImpl.invoke(DelegatingMethodAccessorImpl.java:43)
	at java.base/java.lang.reflect.Method.invoke(Method.java:568)
	at org.springframework.boot.devtools.restart.RestartLauncher.run(RestartLauncher.java:49)
Caused by: org.springframework.beans.factory.BeanCreationException: Error creating bean with name 'securityConfiguration' defined in file [F:\myprojects\LuxTavern\target\classes\com\luxtavern\security\SecurityConfiguration.class]: Instantiation of bean failed; nested exception is org.springframework.beans.BeanInstantiationException: Failed to instantiate [com.luxtavern.security.SecurityConfiguration$$EnhancerBySpringCGLIB$$dac13314]: Constructor threw exception; nested exception is java.lang.Error: Unresolved compilation problems: 
	JwtAuthEntryPoint cannot be resolved to a type
	JwtAuthEntryPoint cannot be resolved to a type

	at org.springframework.beans.factory.support.AbstractAutowireCapableBeanFactory.instantiateBean(AbstractAutowireCapableBeanFactory.java:1334)
	at org.springframework.beans.factory.support.AbstractAutowireCapableBeanFactory.createBeanInstance(AbstractAutowireCapableBeanFactory.java:1232)
	at org.springframework.beans.factory.support.AbstractAutowireCapableBeanFactory.doCreateBean(AbstractAutowireCapableBeanFactory.java:582)
	at org.springframework.beans.factory.support.AbstractAutowireCapableBeanFactory.createBean(AbstractAutowireCapableBeanFactory.java:542)
	at org.springframework.beans.factory.support.AbstractBeanFactory.lambda$doGetBean$0(AbstractBeanFactory.java:335)
	at org.springframework.beans.factory.support.DefaultSingletonBeanRegistry.getSingleton(DefaultSingletonBeanRegistry.java:234)
	at org.springframework.beans.factory.support.AbstractBeanFactory.doGetBean(AbstractBeanFactory.java:333)
	at org.springframework.beans.factory.support.AbstractBeanFactory.getBean(AbstractBeanFactory.java:208)
	at org.springframework.beans.factory.support.ConstructorResolver.instantiateUsingFactoryMethod(ConstructorResolver.java:410)
	at org.springframework.beans.factory.support.AbstractAutowireCapableBeanFactory.instantiateUsingFactoryMethod(AbstractAutowireCapableBeanFactory.java:1352)
	at org.springframework.beans.factory.support.AbstractAutowireCapableBeanFactory.createBeanInstance(AbstractAutowireCapableBeanFactory.java:1195)
	at org.springframework.beans.factory.support.AbstractAutowireCapableBeanFactory.doCreateBean(AbstractAutowireCapableBeanFactory.java:582)
	at org.springframework.beans.factory.support.AbstractAutowireCapableBeanFactory.createBean(AbstractAutowireCapableBeanFactory.java:542)
	at org.springframework.beans.factory.support.AbstractBeanFactory.lambda$doGetBean$0(AbstractBeanFactory.java:335)
	at org.springframework.beans.factory.support.DefaultSingletonBeanRegistry.getSingleton(DefaultSingletonBeanRegistry.java:234)
	at org.springframework.beans.factory.support.AbstractBeanFactory.doGetBean(AbstractBeanFactory.java:333)
	at org.springframework.beans.factory.support.AbstractBeanFactory.getBean(AbstractBeanFactory.java:208)
	at org.springframework.beans.factory.config.DependencyDescriptor.resolveCandidate(DependencyDescriptor.java:276)
	at org.springframework.beans.factory.support.DefaultListableBeanFactory.doResolveDependency(DefaultListableBeanFactory.java:1391)
	at org.springframework.beans.factory.support.DefaultListableBeanFactory.resolveDependency(DefaultListableBeanFactory.java:1311)
	at org.springframework.beans.factory.annotation.AutowiredAnnotationBeanPostProcessor$AutowiredFieldElement.resolveFieldValue(AutowiredAnnotationBeanPostProcessor.java:656)
	... 25 common frames omitted
Caused by: org.springframework.beans.BeanInstantiationException: Failed to instantiate [com.luxtavern.security.SecurityConfiguration$$EnhancerBySpringCGLIB$$dac13314]: Constructor threw exception; nested exception is java.lang.Error: Unresolved compilation problems: 
	JwtAuthEntryPoint cannot be resolved to a type
	JwtAuthEntryPoint cannot be resolved to a type

	at org.springframework.beans.BeanUtils.instantiateClass(BeanUtils.java:224)
	at org.springframework.beans.factory.support.SimpleInstantiationStrategy.instantiate(SimpleInstantiationStrategy.java:87)
	at org.springframework.beans.factory.support.AbstractAutowireCapableBeanFactory.instantiateBean(AbstractAutowireCapableBeanFactory.java:1326)
	... 45 common frames omitted
Caused by: java.lang.Error: Unresolved compilation problems: 
	JwtAuthEntryPoint cannot be resolved to a type
	JwtAuthEntryPoint cannot be resolved to a type

	at com.luxtavern.security.SecurityConfiguration.<init>(SecurityConfiguration.java:27)
	at com.luxtavern.security.SecurityConfiguration$$EnhancerBySpringCGLIB$$dac13314.<init>(<generated>)
	at java.base/jdk.internal.reflect.NativeConstructorAccessorImpl.newInstance0(Native Method)
	at java.base/jdk.internal.reflect.NativeConstructorAccessorImpl.newInstance(NativeConstructorAccessorImpl.java:77)
	at java.base/jdk.internal.reflect.DelegatingConstructorAccessorImpl.newInstance(DelegatingConstructorAccessorImpl.java:45)
	at java.base/java.lang.reflect.Constructor.newInstanceWithCaller(Constructor.java:499)
	at java.base/java.lang.reflect.Constructor.newInstance(Constructor.java:480)
	at org.springframework.beans.BeanUtils.instantiateClass(BeanUtils.java:211)
	... 47 common frames omitted
2024-06-17 14:29:05.500 [restartedMain] INFO  com.luxtavern.DemoApplication - Starting DemoApplication using Java 17 on RAVIDESKTOP-PQFLAFL with PID 23948 (F:\myprojects\LuxTavern\target\classes started by RAVIKIRAN in F:\myprojects\LuxTavern)
2024-06-17 14:29:05.501 [restartedMain] DEBUG com.luxtavern.DemoApplication - Running with Spring Boot v2.7.1, Spring v5.3.21
2024-06-17 14:29:05.501 [restartedMain] INFO  com.luxtavern.DemoApplication - No active profile set, falling back to 1 default profile: "default"
2024-06-17 14:29:05.664 [restartedMain] INFO  o.s.d.r.c.RepositoryConfigurationDelegate - Bootstrapping Spring Data JPA repositories in DEFAULT mode.
2024-06-17 14:29:05.672 [restartedMain] INFO  o.s.d.r.c.RepositoryConfigurationDelegate - Finished Spring Data repository scanning in 8 ms. Found 2 JPA repository interfaces.
2024-06-17 14:29:05.785 [restartedMain] INFO  o.s.b.w.e.tomcat.TomcatWebServer - Tomcat initialized with port(s): 9090 (http)
2024-06-17 14:29:05.786 [restartedMain] INFO  o.a.catalina.core.StandardService - Starting service [Tomcat]
2024-06-17 14:29:05.786 [restartedMain] INFO  o.a.catalina.core.StandardEngine - Starting Servlet engine: [Apache Tomcat/9.0.64]
2024-06-17 14:29:05.803 [restartedMain] INFO  o.a.c.c.C.[Tomcat-3].[localhost].[/] - Initializing Spring embedded WebApplicationContext
2024-06-17 14:29:05.803 [restartedMain] INFO  o.s.b.w.s.c.ServletWebServerApplicationContext - Root WebApplicationContext: initialization completed in 301 ms
2024-06-17 14:29:05.833 [restartedMain] INFO  o.h.jpa.internal.util.LogHelper - HHH000204: Processing PersistenceUnitInfo [name: default]
2024-06-17 14:29:05.836 [restartedMain] INFO  com.zaxxer.hikari.HikariDataSource - HikariPool-17 - Starting...
2024-06-17 14:29:05.853 [restartedMain] INFO  com.zaxxer.hikari.HikariDataSource - HikariPool-17 - Start completed.
2024-06-17 14:29:05.854 [restartedMain] INFO  org.hibernate.dialect.Dialect - HHH000400: Using dialect: org.hibernate.dialect.MySQL8Dialect
2024-06-17 14:29:05.922 [restartedMain] INFO  o.h.e.t.j.p.i.JtaPlatformInitiator - HHH000490: Using JtaPlatform implementation: [org.hibernate.engine.transaction.jta.platform.internal.NoJtaPlatform]
2024-06-17 14:29:05.922 [restartedMain] INFO  o.s.o.j.LocalContainerEntityManagerFactoryBean - Initialized JPA EntityManagerFactory for persistence unit 'default'
2024-06-17 14:29:06.050 [restartedMain] WARN  o.s.b.a.o.j.JpaBaseConfiguration$JpaWebConfiguration - spring.jpa.open-in-view is enabled by default. Therefore, database queries may be performed during view rendering. Explicitly configure spring.jpa.open-in-view to disable this warning
2024-06-17 14:29:06.079 [restartedMain] INFO  s.d.s.w.PropertySourcedRequestMappingHandlerMapping - Mapped URL path [/v2/api-docs] onto method [springfox.documentation.swagger2.web.Swagger2Controller#getDocumentation(String, HttpServletRequest)]
2024-06-17 14:29:06.094 [restartedMain] INFO  o.s.s.web.DefaultSecurityFilterChain - Will secure any request with [org.springframework.security.web.session.DisableEncodeUrlFilter@4aa79922, org.springframework.security.web.context.request.async.WebAsyncManagerIntegrationFilter@5a07fcd7, org.springframework.security.web.context.SecurityContextPersistenceFilter@27f44da0, org.springframework.security.web.header.HeaderWriterFilter@2288ad7b, org.springframework.security.web.authentication.logout.LogoutFilter@b2760eb, org.springframework.security.web.authentication.www.BasicAuthenticationFilter@4b0b1848, org.springframework.security.web.savedrequest.RequestCacheAwareFilter@1d1d8703, org.springframework.security.web.servletapi.SecurityContextHolderAwareRequestFilter@7a9902ae, org.springframework.security.web.authentication.AnonymousAuthenticationFilter@e95166b, org.springframework.security.web.session.SessionManagementFilter@17725034, org.springframework.security.web.access.ExceptionTranslationFilter@56bd9dc0, org.springframework.security.web.access.intercept.FilterSecurityInterceptor@17b86fcb]
2024-06-17 14:29:06.114 [restartedMain] INFO  o.s.b.d.a.OptionalLiveReloadServer - LiveReload server is running on port 35729
2024-06-17 14:29:06.173 [restartedMain] INFO  o.s.b.w.e.tomcat.TomcatWebServer - Tomcat started on port(s): 9090 (http) with context path ''
2024-06-17 14:29:06.173 [restartedMain] INFO  s.d.s.w.p.DocumentationPluginsBootstrapper - Context refreshed
2024-06-17 14:29:06.174 [restartedMain] INFO  s.d.s.w.p.DocumentationPluginsBootstrapper - Found 1 custom documentation plugin(s)
2024-06-17 14:29:06.177 [restartedMain] INFO  s.d.s.w.s.ApiListingReferenceScanner - Scanning for api listing references
2024-06-17 14:29:06.206 [restartedMain] INFO  com.luxtavern.DemoApplication - Started DemoApplication in 0.735 seconds (JVM running for 15952.311)
2024-06-17 14:29:06.208 [restartedMain] INFO  o.s.b.d.a.ConditionEvaluationDeltaLoggingListener - Condition evaluation unchanged
2024-06-17 14:29:25.986 [Thread-65] INFO  o.s.o.j.LocalContainerEntityManagerFactoryBean - Closing JPA EntityManagerFactory for persistence unit 'default'
2024-06-17 14:29:25.987 [Thread-65] INFO  com.zaxxer.hikari.HikariDataSource - HikariPool-17 - Shutdown initiated...
2024-06-17 14:29:25.993 [Thread-65] INFO  com.zaxxer.hikari.HikariDataSource - HikariPool-17 - Shutdown completed.
2024-06-17 14:29:26.097 [restartedMain] INFO  com.luxtavern.DemoApplication - Starting DemoApplication using Java 17 on RAVIDESKTOP-PQFLAFL with PID 23948 (F:\myprojects\LuxTavern\target\classes started by RAVIKIRAN in F:\myprojects\LuxTavern)
2024-06-17 14:29:26.097 [restartedMain] DEBUG com.luxtavern.DemoApplication - Running with Spring Boot v2.7.1, Spring v5.3.21
2024-06-17 14:29:26.097 [restartedMain] INFO  com.luxtavern.DemoApplication - No active profile set, falling back to 1 default profile: "default"
2024-06-17 14:29:26.221 [restartedMain] INFO  o.s.d.r.c.RepositoryConfigurationDelegate - Bootstrapping Spring Data JPA repositories in DEFAULT mode.
2024-06-17 14:29:26.230 [restartedMain] INFO  o.s.d.r.c.RepositoryConfigurationDelegate - Finished Spring Data repository scanning in 7 ms. Found 2 JPA repository interfaces.
2024-06-17 14:29:26.316 [restartedMain] INFO  o.s.b.w.e.tomcat.TomcatWebServer - Tomcat initialized with port(s): 9090 (http)
2024-06-17 14:29:26.316 [restartedMain] INFO  o.a.catalina.core.StandardService - Starting service [Tomcat]
2024-06-17 14:29:26.316 [restartedMain] INFO  o.a.catalina.core.StandardEngine - Starting Servlet engine: [Apache Tomcat/9.0.64]
2024-06-17 14:29:26.332 [restartedMain] INFO  o.a.c.c.C.[Tomcat-3].[localhost].[/] - Initializing Spring embedded WebApplicationContext
2024-06-17 14:29:26.332 [restartedMain] INFO  o.s.b.w.s.c.ServletWebServerApplicationContext - Root WebApplicationContext: initialization completed in 234 ms
2024-06-17 14:29:26.361 [restartedMain] INFO  o.h.jpa.internal.util.LogHelper - HHH000204: Processing PersistenceUnitInfo [name: default]
2024-06-17 14:29:26.363 [restartedMain] INFO  com.zaxxer.hikari.HikariDataSource - HikariPool-18 - Starting...
2024-06-17 14:29:26.379 [restartedMain] INFO  com.zaxxer.hikari.HikariDataSource - HikariPool-18 - Start completed.
2024-06-17 14:29:26.380 [restartedMain] INFO  org.hibernate.dialect.Dialect - HHH000400: Using dialect: org.hibernate.dialect.MySQL8Dialect
2024-06-17 14:29:26.426 [restartedMain] INFO  o.h.e.t.j.p.i.JtaPlatformInitiator - HHH000490: Using JtaPlatform implementation: [org.hibernate.engine.transaction.jta.platform.internal.NoJtaPlatform]
2024-06-17 14:29:26.427 [restartedMain] INFO  o.s.o.j.LocalContainerEntityManagerFactoryBean - Initialized JPA EntityManagerFactory for persistence unit 'default'
2024-06-17 14:29:26.533 [restartedMain] WARN  o.s.b.a.o.j.JpaBaseConfiguration$JpaWebConfiguration - spring.jpa.open-in-view is enabled by default. Therefore, database queries may be performed during view rendering. Explicitly configure spring.jpa.open-in-view to disable this warning
2024-06-17 14:29:26.554 [restartedMain] INFO  s.d.s.w.PropertySourcedRequestMappingHandlerMapping - Mapped URL path [/v2/api-docs] onto method [springfox.documentation.swagger2.web.Swagger2Controller#getDocumentation(String, HttpServletRequest)]
2024-06-17 14:29:26.567 [restartedMain] INFO  o.s.s.web.DefaultSecurityFilterChain - Will secure any request with [org.springframework.security.web.session.DisableEncodeUrlFilter@be24a6e, org.springframework.security.web.context.request.async.WebAsyncManagerIntegrationFilter@5f9f02c5, org.springframework.security.web.context.SecurityContextPersistenceFilter@3a7fd172, org.springframework.security.web.header.HeaderWriterFilter@36dab677, org.springframework.security.web.authentication.logout.LogoutFilter@652139c, org.springframework.security.web.authentication.www.BasicAuthenticationFilter@5040ca89, org.springframework.security.web.savedrequest.RequestCacheAwareFilter@2c3e32da, org.springframework.security.web.servletapi.SecurityContextHolderAwareRequestFilter@4f345024, org.springframework.security.web.authentication.AnonymousAuthenticationFilter@38d9d805, org.springframework.security.web.session.SessionManagementFilter@537bd41d, org.springframework.security.web.access.ExceptionTranslationFilter@7ecd1354, org.springframework.security.web.access.intercept.FilterSecurityInterceptor@5ce778d3]
2024-06-17 14:29:26.590 [restartedMain] INFO  o.s.b.d.a.OptionalLiveReloadServer - LiveReload server is running on port 35729
2024-06-17 14:29:26.636 [restartedMain] INFO  o.s.b.w.e.tomcat.TomcatWebServer - Tomcat started on port(s): 9090 (http) with context path ''
2024-06-17 14:29:26.637 [restartedMain] INFO  s.d.s.w.p.DocumentationPluginsBootstrapper - Context refreshed
2024-06-17 14:29:26.637 [restartedMain] INFO  s.d.s.w.p.DocumentationPluginsBootstrapper - Found 1 custom documentation plugin(s)
2024-06-17 14:29:26.640 [restartedMain] INFO  s.d.s.w.s.ApiListingReferenceScanner - Scanning for api listing references
2024-06-17 14:29:26.663 [restartedMain] INFO  com.luxtavern.DemoApplication - Started DemoApplication in 0.595 seconds (JVM running for 15972.768)
2024-06-17 14:29:26.664 [restartedMain] INFO  o.s.b.d.a.ConditionEvaluationDeltaLoggingListener - Condition evaluation unchanged
2024-06-17 14:29:56.617 [Thread-72] INFO  o.s.o.j.LocalContainerEntityManagerFactoryBean - Closing JPA EntityManagerFactory for persistence unit 'default'
2024-06-17 14:29:56.618 [Thread-72] INFO  com.zaxxer.hikari.HikariDataSource - HikariPool-18 - Shutdown initiated...
2024-06-17 14:29:56.623 [Thread-72] INFO  com.zaxxer.hikari.HikariDataSource - HikariPool-18 - Shutdown completed.
2024-06-17 14:29:56.718 [restartedMain] INFO  com.luxtavern.DemoApplication - Starting DemoApplication using Java 17 on RAVIDESKTOP-PQFLAFL with PID 23948 (F:\myprojects\LuxTavern\target\classes started by RAVIKIRAN in F:\myprojects\LuxTavern)
2024-06-17 14:29:56.718 [restartedMain] DEBUG com.luxtavern.DemoApplication - Running with Spring Boot v2.7.1, Spring v5.3.21
2024-06-17 14:29:56.718 [restartedMain] INFO  com.luxtavern.DemoApplication - No active profile set, falling back to 1 default profile: "default"
2024-06-17 14:29:56.898 [restartedMain] INFO  o.s.d.r.c.RepositoryConfigurationDelegate - Bootstrapping Spring Data JPA repositories in DEFAULT mode.
2024-06-17 14:29:56.909 [restartedMain] INFO  o.s.d.r.c.RepositoryConfigurationDelegate - Finished Spring Data repository scanning in 10 ms. Found 2 JPA repository interfaces.
2024-06-17 14:29:57.025 [restartedMain] INFO  o.s.b.w.e.tomcat.TomcatWebServer - Tomcat initialized with port(s): 9090 (http)
2024-06-17 14:29:57.026 [restartedMain] INFO  o.a.catalina.core.StandardService - Starting service [Tomcat]
2024-06-17 14:29:57.026 [restartedMain] INFO  o.a.catalina.core.StandardEngine - Starting Servlet engine: [Apache Tomcat/9.0.64]
2024-06-17 14:29:57.041 [restartedMain] INFO  o.a.c.c.C.[Tomcat-3].[localhost].[/] - Initializing Spring embedded WebApplicationContext
2024-06-17 14:29:57.041 [restartedMain] INFO  o.s.b.w.s.c.ServletWebServerApplicationContext - Root WebApplicationContext: initialization completed in 321 ms
2024-06-17 14:29:57.068 [restartedMain] INFO  o.h.jpa.internal.util.LogHelper - HHH000204: Processing PersistenceUnitInfo [name: default]
2024-06-17 14:29:57.072 [restartedMain] INFO  com.zaxxer.hikari.HikariDataSource - HikariPool-19 - Starting...
2024-06-17 14:29:57.093 [restartedMain] INFO  com.zaxxer.hikari.HikariDataSource - HikariPool-19 - Start completed.
2024-06-17 14:29:57.093 [restartedMain] INFO  org.hibernate.dialect.Dialect - HHH000400: Using dialect: org.hibernate.dialect.MySQL8Dialect
2024-06-17 14:29:57.175 [restartedMain] INFO  o.h.e.t.j.p.i.JtaPlatformInitiator - HHH000490: Using JtaPlatform implementation: [org.hibernate.engine.transaction.jta.platform.internal.NoJtaPlatform]
2024-06-17 14:29:57.176 [restartedMain] INFO  o.s.o.j.LocalContainerEntityManagerFactoryBean - Initialized JPA EntityManagerFactory for persistence unit 'default'
2024-06-17 14:29:57.408 [restartedMain] WARN  o.s.b.a.o.j.JpaBaseConfiguration$JpaWebConfiguration - spring.jpa.open-in-view is enabled by default. Therefore, database queries may be performed during view rendering. Explicitly configure spring.jpa.open-in-view to disable this warning
2024-06-17 14:29:57.459 [restartedMain] INFO  s.d.s.w.PropertySourcedRequestMappingHandlerMapping - Mapped URL path [/v2/api-docs] onto method [springfox.documentation.swagger2.web.Swagger2Controller#getDocumentation(String, HttpServletRequest)]
2024-06-17 14:29:57.481 [restartedMain] INFO  o.s.s.web.DefaultSecurityFilterChain - Will secure any request with [org.springframework.security.web.session.DisableEncodeUrlFilter@2778dd91, org.springframework.security.web.context.request.async.WebAsyncManagerIntegrationFilter@1bcc7990, org.springframework.security.web.context.SecurityContextPersistenceFilter@5896df99, org.springframework.security.web.header.HeaderWriterFilter@53b62c95, org.springframework.security.web.authentication.logout.LogoutFilter@3dd7118e, org.springframework.security.web.authentication.www.BasicAuthenticationFilter@4203bdbf, org.springframework.security.web.savedrequest.RequestCacheAwareFilter@6f7b0c3b, org.springframework.security.web.servletapi.SecurityContextHolderAwareRequestFilter@dcb47c5, org.springframework.security.web.authentication.AnonymousAuthenticationFilter@4f9203c8, org.springframework.security.web.session.SessionManagementFilter@75756660, org.springframework.security.web.access.ExceptionTranslationFilter@4fcf02a2, org.springframework.security.web.access.intercept.FilterSecurityInterceptor@5310e352]
2024-06-17 14:29:57.501 [restartedMain] INFO  o.s.b.d.a.OptionalLiveReloadServer - LiveReload server is running on port 35729
2024-06-17 14:29:57.570 [restartedMain] INFO  o.s.b.w.e.tomcat.TomcatWebServer - Tomcat started on port(s): 9090 (http) with context path ''
2024-06-17 14:29:57.571 [restartedMain] INFO  s.d.s.w.p.DocumentationPluginsBootstrapper - Context refreshed
2024-06-17 14:29:57.571 [restartedMain] INFO  s.d.s.w.p.DocumentationPluginsBootstrapper - Found 1 custom documentation plugin(s)
2024-06-17 14:29:57.574 [restartedMain] INFO  s.d.s.w.s.ApiListingReferenceScanner - Scanning for api listing references
2024-06-17 14:29:57.607 [restartedMain] INFO  com.luxtavern.DemoApplication - Started DemoApplication in 0.916 seconds (JVM running for 16003.712)
2024-06-17 14:29:57.610 [restartedMain] INFO  o.s.b.d.a.ConditionEvaluationDeltaLoggingListener - Condition evaluation unchanged
2024-06-17 15:12:38.024 [Thread-76] INFO  o.s.o.j.LocalContainerEntityManagerFactoryBean - Closing JPA EntityManagerFactory for persistence unit 'default'
2024-06-17 15:12:38.081 [Thread-76] INFO  com.zaxxer.hikari.HikariDataSource - HikariPool-19 - Shutdown initiated...
2024-06-17 15:12:38.101 [Thread-76] INFO  com.zaxxer.hikari.HikariDataSource - HikariPool-19 - Shutdown completed.
2024-06-17 15:12:38.579 [restartedMain] INFO  com.luxtavern.DemoApplication - Starting DemoApplication using Java 17 on RAVIDESKTOP-PQFLAFL with PID 23948 (F:\myprojects\LuxTavern\target\classes started by RAVIKIRAN in F:\myprojects\LuxTavern)
2024-06-17 15:12:38.579 [restartedMain] DEBUG com.luxtavern.DemoApplication - Running with Spring Boot v2.7.1, Spring v5.3.21
2024-06-17 15:12:38.580 [restartedMain] INFO  com.luxtavern.DemoApplication - No active profile set, falling back to 1 default profile: "default"
2024-06-17 15:12:38.936 [restartedMain] INFO  o.s.d.r.c.RepositoryConfigurationDelegate - Bootstrapping Spring Data JPA repositories in DEFAULT mode.
2024-06-17 15:12:39.000 [restartedMain] INFO  o.s.d.r.c.RepositoryConfigurationDelegate - Finished Spring Data repository scanning in 63 ms. Found 2 JPA repository interfaces.
2024-06-17 15:12:39.225 [restartedMain] INFO  o.s.b.w.e.tomcat.TomcatWebServer - Tomcat initialized with port(s): 9090 (http)
2024-06-17 15:12:39.225 [restartedMain] INFO  o.a.catalina.core.StandardService - Starting service [Tomcat]
2024-06-17 15:12:39.226 [restartedMain] INFO  o.a.catalina.core.StandardEngine - Starting Servlet engine: [Apache Tomcat/9.0.64]
2024-06-17 15:12:39.240 [restartedMain] INFO  o.a.c.c.C.[Tomcat-3].[localhost].[/] - Initializing Spring embedded WebApplicationContext
2024-06-17 15:12:39.241 [restartedMain] INFO  o.s.b.w.s.c.ServletWebServerApplicationContext - Root WebApplicationContext: initialization completed in 658 ms
2024-06-17 15:12:39.261 [restartedMain] INFO  o.h.jpa.internal.util.LogHelper - HHH000204: Processing PersistenceUnitInfo [name: default]
2024-06-17 15:12:39.264 [restartedMain] INFO  com.zaxxer.hikari.HikariDataSource - HikariPool-20 - Starting...
2024-06-17 15:12:39.289 [restartedMain] INFO  com.zaxxer.hikari.HikariDataSource - HikariPool-20 - Start completed.
2024-06-17 15:12:39.290 [restartedMain] INFO  org.hibernate.dialect.Dialect - HHH000400: Using dialect: org.hibernate.dialect.MySQL8Dialect
2024-06-17 15:12:39.398 [restartedMain] INFO  o.h.e.t.j.p.i.JtaPlatformInitiator - HHH000490: Using JtaPlatform implementation: [org.hibernate.engine.transaction.jta.platform.internal.NoJtaPlatform]
2024-06-17 15:12:39.399 [restartedMain] INFO  o.s.o.j.LocalContainerEntityManagerFactoryBean - Initialized JPA EntityManagerFactory for persistence unit 'default'
2024-06-17 15:12:39.542 [restartedMain] WARN  o.s.b.a.o.j.JpaBaseConfiguration$JpaWebConfiguration - spring.jpa.open-in-view is enabled by default. Therefore, database queries may be performed during view rendering. Explicitly configure spring.jpa.open-in-view to disable this warning
2024-06-17 15:12:39.587 [restartedMain] INFO  s.d.s.w.PropertySourcedRequestMappingHandlerMapping - Mapped URL path [/v2/api-docs] onto method [springfox.documentation.swagger2.web.Swagger2Controller#getDocumentation(String, HttpServletRequest)]
2024-06-17 15:12:39.600 [restartedMain] INFO  o.s.s.web.DefaultSecurityFilterChain - Will secure any request with [org.springframework.security.web.session.DisableEncodeUrlFilter@7cf8f767, org.springframework.security.web.context.request.async.WebAsyncManagerIntegrationFilter@162daf9d, org.springframework.security.web.context.SecurityContextPersistenceFilter@2c0e3e72, org.springframework.security.web.header.HeaderWriterFilter@3b004548, org.springframework.security.web.authentication.logout.LogoutFilter@65b015e6, org.springframework.security.web.authentication.www.BasicAuthenticationFilter@2321c043, org.springframework.security.web.savedrequest.RequestCacheAwareFilter@276a438, org.springframework.security.web.servletapi.SecurityContextHolderAwareRequestFilter@3be59b3b, org.springframework.security.web.authentication.AnonymousAuthenticationFilter@53efc95e, org.springframework.security.web.session.SessionManagementFilter@4bbfe3d6, org.springframework.security.web.access.ExceptionTranslationFilter@5c1e4912, org.springframework.security.web.access.intercept.FilterSecurityInterceptor@275c4b65]
2024-06-17 15:12:39.626 [restartedMain] INFO  o.s.b.d.a.OptionalLiveReloadServer - LiveReload server is running on port 35729
2024-06-17 15:12:39.704 [restartedMain] INFO  o.s.b.w.e.tomcat.TomcatWebServer - Tomcat started on port(s): 9090 (http) with context path ''
2024-06-17 15:12:39.705 [restartedMain] INFO  s.d.s.w.p.DocumentationPluginsBootstrapper - Context refreshed
2024-06-17 15:12:39.706 [restartedMain] INFO  s.d.s.w.p.DocumentationPluginsBootstrapper - Found 1 custom documentation plugin(s)
2024-06-17 15:12:39.709 [restartedMain] INFO  s.d.s.w.s.ApiListingReferenceScanner - Scanning for api listing references
2024-06-17 15:12:39.737 [restartedMain] INFO  com.luxtavern.DemoApplication - Started DemoApplication in 1.255 seconds (JVM running for 18565.842)
2024-06-17 15:12:39.739 [restartedMain] INFO  o.s.b.d.a.ConditionEvaluationDeltaLoggingListener - Condition evaluation unchanged
2024-06-17 17:57:07.926 [HikariPool-20 housekeeper] WARN  com.zaxxer.hikari.pool.HikariPool - HikariPool-20 - Thread starvation or clock leap detected (housekeeper delta=3m26s17ms321µs).
2024-06-17 18:04:51.008 [Thread-80] INFO  o.s.o.j.LocalContainerEntityManagerFactoryBean - Closing JPA EntityManagerFactory for persistence unit 'default'
2024-06-17 18:04:51.065 [Thread-80] INFO  com.zaxxer.hikari.HikariDataSource - HikariPool-20 - Shutdown initiated...
2024-06-17 18:04:51.116 [Thread-80] INFO  com.zaxxer.hikari.HikariDataSource - HikariPool-20 - Shutdown completed.
2024-06-17 18:04:52.034 [restartedMain] INFO  com.luxtavern.DemoApplication - Starting DemoApplication using Java 17 on RAVIDESKTOP-PQFLAFL with PID 23948 (F:\myprojects\LuxTavern\target\classes started by RAVIKIRAN in F:\myprojects\LuxTavern)
2024-06-17 18:04:52.036 [restartedMain] DEBUG com.luxtavern.DemoApplication - Running with Spring Boot v2.7.1, Spring v5.3.21
2024-06-17 18:04:52.036 [restartedMain] INFO  com.luxtavern.DemoApplication - No active profile set, falling back to 1 default profile: "default"
2024-06-17 18:04:52.708 [restartedMain] INFO  o.s.d.r.c.RepositoryConfigurationDelegate - Bootstrapping Spring Data JPA repositories in DEFAULT mode.
2024-06-17 18:04:52.725 [restartedMain] INFO  o.s.d.r.c.RepositoryConfigurationDelegate - Finished Spring Data repository scanning in 16 ms. Found 2 JPA repository interfaces.
2024-06-17 18:04:53.314 [restartedMain] INFO  o.s.b.w.e.tomcat.TomcatWebServer - Tomcat initialized with port(s): 9090 (http)
2024-06-17 18:04:53.315 [restartedMain] INFO  o.a.catalina.core.StandardService - Starting service [Tomcat]
2024-06-17 18:04:53.315 [restartedMain] INFO  o.a.catalina.core.StandardEngine - Starting Servlet engine: [Apache Tomcat/9.0.64]
2024-06-17 18:04:53.349 [restartedMain] INFO  o.a.c.c.C.[Tomcat-3].[localhost].[/] - Initializing Spring embedded WebApplicationContext
2024-06-17 18:04:53.350 [restartedMain] INFO  o.s.b.w.s.c.ServletWebServerApplicationContext - Root WebApplicationContext: initialization completed in 1311 ms
2024-06-17 18:04:53.409 [restartedMain] INFO  o.h.jpa.internal.util.LogHelper - HHH000204: Processing PersistenceUnitInfo [name: default]
2024-06-17 18:04:53.432 [restartedMain] INFO  com.zaxxer.hikari.HikariDataSource - HikariPool-21 - Starting...
2024-06-17 18:04:53.736 [restartedMain] INFO  com.zaxxer.hikari.HikariDataSource - HikariPool-21 - Start completed.
2024-06-17 18:04:53.740 [restartedMain] INFO  org.hibernate.dialect.Dialect - HHH000400: Using dialect: org.hibernate.dialect.MySQL8Dialect
2024-06-17 18:04:53.903 [restartedMain] INFO  o.h.e.t.j.p.i.JtaPlatformInitiator - HHH000490: Using JtaPlatform implementation: [org.hibernate.engine.transaction.jta.platform.internal.NoJtaPlatform]
2024-06-17 18:04:53.904 [restartedMain] INFO  o.s.o.j.LocalContainerEntityManagerFactoryBean - Initialized JPA EntityManagerFactory for persistence unit 'default'
2024-06-17 18:04:54.135 [restartedMain] WARN  o.s.b.a.o.j.JpaBaseConfiguration$JpaWebConfiguration - spring.jpa.open-in-view is enabled by default. Therefore, database queries may be performed during view rendering. Explicitly configure spring.jpa.open-in-view to disable this warning
2024-06-17 18:04:54.207 [restartedMain] INFO  s.d.s.w.PropertySourcedRequestMappingHandlerMapping - Mapped URL path [/v2/api-docs] onto method [springfox.documentation.swagger2.web.Swagger2Controller#getDocumentation(String, HttpServletRequest)]
2024-06-17 18:04:54.231 [restartedMain] INFO  o.s.s.web.DefaultSecurityFilterChain - Will secure any request with [org.springframework.security.web.session.DisableEncodeUrlFilter@7622e35d, org.springframework.security.web.context.request.async.WebAsyncManagerIntegrationFilter@63eea3ff, org.springframework.security.web.context.SecurityContextPersistenceFilter@3fc22135, org.springframework.security.web.header.HeaderWriterFilter@77138ec4, org.springframework.security.web.authentication.logout.LogoutFilter@4b4e9adf, org.springframework.security.web.authentication.www.BasicAuthenticationFilter@4bb7b717, org.springframework.security.web.savedrequest.RequestCacheAwareFilter@5d3fd9ce, org.springframework.security.web.servletapi.SecurityContextHolderAwareRequestFilter@36310903, org.springframework.security.web.authentication.AnonymousAuthenticationFilter@47f5478e, org.springframework.security.web.session.SessionManagementFilter@1aed5abf, org.springframework.security.web.access.ExceptionTranslationFilter@25d8f8e3, org.springframework.security.web.access.intercept.FilterSecurityInterceptor@2c410fdb]
2024-06-17 18:04:54.310 [restartedMain] INFO  o.s.b.d.a.OptionalLiveReloadServer - LiveReload server is running on port 35729
2024-06-17 18:04:54.457 [restartedMain] INFO  o.s.b.w.e.tomcat.TomcatWebServer - Tomcat started on port(s): 9090 (http) with context path ''
2024-06-17 18:04:54.458 [restartedMain] INFO  s.d.s.w.p.DocumentationPluginsBootstrapper - Context refreshed
2024-06-17 18:04:54.459 [restartedMain] INFO  s.d.s.w.p.DocumentationPluginsBootstrapper - Found 1 custom documentation plugin(s)
2024-06-17 18:04:54.463 [restartedMain] INFO  s.d.s.w.s.ApiListingReferenceScanner - Scanning for api listing references
2024-06-17 18:04:54.501 [restartedMain] INFO  com.luxtavern.DemoApplication - Started DemoApplication in 2.683 seconds (JVM running for 28900.606)
2024-06-17 18:04:54.503 [restartedMain] INFO  o.s.b.d.a.ConditionEvaluationDeltaLoggingListener - Condition evaluation unchanged
2024-06-17 18:13:10.370 [Thread-84] INFO  o.s.o.j.LocalContainerEntityManagerFactoryBean - Closing JPA EntityManagerFactory for persistence unit 'default'
2024-06-17 18:13:10.391 [Thread-84] INFO  com.zaxxer.hikari.HikariDataSource - HikariPool-21 - Shutdown initiated...
2024-06-17 18:13:10.415 [Thread-84] INFO  com.zaxxer.hikari.HikariDataSource - HikariPool-21 - Shutdown completed.
2024-06-17 18:13:10.836 [restartedMain] INFO  com.luxtavern.DemoApplication - Starting DemoApplication using Java 17 on RAVIDESKTOP-PQFLAFL with PID 23948 (F:\myprojects\LuxTavern\target\classes started by RAVIKIRAN in F:\myprojects\LuxTavern)
2024-06-17 18:13:10.836 [restartedMain] DEBUG com.luxtavern.DemoApplication - Running with Spring Boot v2.7.1, Spring v5.3.21
2024-06-17 18:13:10.836 [restartedMain] INFO  com.luxtavern.DemoApplication - No active profile set, falling back to 1 default profile: "default"
2024-06-17 18:13:11.162 [restartedMain] INFO  o.s.d.r.c.RepositoryConfigurationDelegate - Bootstrapping Spring Data JPA repositories in DEFAULT mode.
2024-06-17 18:13:11.176 [restartedMain] INFO  o.s.d.r.c.RepositoryConfigurationDelegate - Finished Spring Data repository scanning in 14 ms. Found 2 JPA repository interfaces.
2024-06-17 18:13:11.368 [restartedMain] INFO  o.s.b.w.e.tomcat.TomcatWebServer - Tomcat initialized with port(s): 9090 (http)
2024-06-17 18:13:11.369 [restartedMain] INFO  o.a.catalina.core.StandardService - Starting service [Tomcat]
2024-06-17 18:13:11.369 [restartedMain] INFO  o.a.catalina.core.StandardEngine - Starting Servlet engine: [Apache Tomcat/9.0.64]
2024-06-17 18:13:11.386 [restartedMain] INFO  o.a.c.c.C.[Tomcat-3].[localhost].[/] - Initializing Spring embedded WebApplicationContext
2024-06-17 18:13:11.386 [restartedMain] INFO  o.s.b.w.s.c.ServletWebServerApplicationContext - Root WebApplicationContext: initialization completed in 547 ms
2024-06-17 18:13:11.412 [restartedMain] INFO  o.h.jpa.internal.util.LogHelper - HHH000204: Processing PersistenceUnitInfo [name: default]
2024-06-17 18:13:11.414 [restartedMain] INFO  com.zaxxer.hikari.HikariDataSource - HikariPool-22 - Starting...
2024-06-17 18:13:11.431 [restartedMain] INFO  com.zaxxer.hikari.HikariDataSource - HikariPool-22 - Start completed.
2024-06-17 18:13:11.431 [restartedMain] INFO  org.hibernate.dialect.Dialect - HHH000400: Using dialect: org.hibernate.dialect.MySQL8Dialect
2024-06-17 18:13:11.490 [restartedMain] INFO  o.h.e.t.j.p.i.JtaPlatformInitiator - HHH000490: Using JtaPlatform implementation: [org.hibernate.engine.transaction.jta.platform.internal.NoJtaPlatform]
2024-06-17 18:13:11.490 [restartedMain] INFO  o.s.o.j.LocalContainerEntityManagerFactoryBean - Initialized JPA EntityManagerFactory for persistence unit 'default'
2024-06-17 18:13:11.620 [restartedMain] WARN  o.s.b.a.o.j.JpaBaseConfiguration$JpaWebConfiguration - spring.jpa.open-in-view is enabled by default. Therefore, database queries may be performed during view rendering. Explicitly configure spring.jpa.open-in-view to disable this warning
2024-06-17 18:13:11.667 [restartedMain] INFO  s.d.s.w.PropertySourcedRequestMappingHandlerMapping - Mapped URL path [/v2/api-docs] onto method [springfox.documentation.swagger2.web.Swagger2Controller#getDocumentation(String, HttpServletRequest)]
2024-06-17 18:13:11.681 [restartedMain] INFO  o.s.s.web.DefaultSecurityFilterChain - Will secure any request with [org.springframework.security.web.session.DisableEncodeUrlFilter@26ea5c7b, org.springframework.security.web.context.request.async.WebAsyncManagerIntegrationFilter@44d9954, org.springframework.security.web.context.SecurityContextPersistenceFilter@1e4038eb, org.springframework.security.web.header.HeaderWriterFilter@2af3992d, org.springframework.security.web.authentication.logout.LogoutFilter@593641a3, com.luxtavern.security.JWTAuthenticationFilter@60b3cf45, org.springframework.security.web.authentication.www.BasicAuthenticationFilter@c2c7d3f, org.springframework.security.web.savedrequest.RequestCacheAwareFilter@4731a8c4, org.springframework.security.web.servletapi.SecurityContextHolderAwareRequestFilter@713d6bfe, org.springframework.security.web.authentication.AnonymousAuthenticationFilter@f9983e9, org.springframework.security.web.session.SessionManagementFilter@6eb27c22, org.springframework.security.web.access.ExceptionTranslationFilter@4bf25b5c, org.springframework.security.web.access.intercept.FilterSecurityInterceptor@7fc7cc4]
2024-06-17 18:13:11.704 [restartedMain] INFO  o.s.b.d.a.OptionalLiveReloadServer - LiveReload server is running on port 35729
2024-06-17 18:13:11.786 [restartedMain] INFO  o.s.b.w.e.tomcat.TomcatWebServer - Tomcat started on port(s): 9090 (http) with context path ''
2024-06-17 18:13:11.786 [restartedMain] INFO  s.d.s.w.p.DocumentationPluginsBootstrapper - Context refreshed
2024-06-17 18:13:11.787 [restartedMain] INFO  s.d.s.w.p.DocumentationPluginsBootstrapper - Found 1 custom documentation plugin(s)
2024-06-17 18:13:11.789 [restartedMain] INFO  s.d.s.w.s.ApiListingReferenceScanner - Scanning for api listing references
2024-06-17 18:13:11.812 [restartedMain] INFO  com.luxtavern.DemoApplication - Started DemoApplication in 1.048 seconds (JVM running for 29397.917)
2024-06-17 18:13:11.813 [restartedMain] INFO  o.s.b.d.a.ConditionEvaluationDeltaLoggingListener - Condition evaluation unchanged
2024-06-17 18:13:42.774 [Thread-88] INFO  o.s.o.j.LocalContainerEntityManagerFactoryBean - Closing JPA EntityManagerFactory for persistence unit 'default'
2024-06-17 18:13:42.775 [Thread-88] INFO  com.zaxxer.hikari.HikariDataSource - HikariPool-22 - Shutdown initiated...
2024-06-17 18:13:42.779 [Thread-88] INFO  com.zaxxer.hikari.HikariDataSource - HikariPool-22 - Shutdown completed.
2024-06-17 18:13:42.859 [restartedMain] INFO  com.luxtavern.DemoApplication - Starting DemoApplication using Java 17 on RAVIDESKTOP-PQFLAFL with PID 23948 (F:\myprojects\LuxTavern\target\classes started by RAVIKIRAN in F:\myprojects\LuxTavern)
2024-06-17 18:13:42.859 [restartedMain] DEBUG com.luxtavern.DemoApplication - Running with Spring Boot v2.7.1, Spring v5.3.21
2024-06-17 18:13:42.859 [restartedMain] INFO  com.luxtavern.DemoApplication - No active profile set, falling back to 1 default profile: "default"
2024-06-17 18:13:42.995 [restartedMain] INFO  o.s.d.r.c.RepositoryConfigurationDelegate - Bootstrapping Spring Data JPA repositories in DEFAULT mode.
2024-06-17 18:13:43.003 [restartedMain] INFO  o.s.d.r.c.RepositoryConfigurationDelegate - Finished Spring Data repository scanning in 8 ms. Found 2 JPA repository interfaces.
2024-06-17 18:13:43.089 [restartedMain] INFO  o.s.b.w.e.tomcat.TomcatWebServer - Tomcat initialized with port(s): 9090 (http)
2024-06-17 18:13:43.090 [restartedMain] INFO  o.a.catalina.core.StandardService - Starting service [Tomcat]
2024-06-17 18:13:43.090 [restartedMain] INFO  o.a.catalina.core.StandardEngine - Starting Servlet engine: [Apache Tomcat/9.0.64]
2024-06-17 18:13:43.103 [restartedMain] INFO  o.a.c.c.C.[Tomcat-3].[localhost].[/] - Initializing Spring embedded WebApplicationContext
2024-06-17 18:13:43.104 [restartedMain] INFO  o.s.b.w.s.c.ServletWebServerApplicationContext - Root WebApplicationContext: initialization completed in 244 ms
2024-06-17 18:13:43.122 [restartedMain] INFO  o.h.jpa.internal.util.LogHelper - HHH000204: Processing PersistenceUnitInfo [name: default]
2024-06-17 18:13:43.124 [restartedMain] INFO  com.zaxxer.hikari.HikariDataSource - HikariPool-23 - Starting...
2024-06-17 18:13:43.138 [restartedMain] INFO  com.zaxxer.hikari.HikariDataSource - HikariPool-23 - Start completed.
2024-06-17 18:13:43.138 [restartedMain] INFO  org.hibernate.dialect.Dialect - HHH000400: Using dialect: org.hibernate.dialect.MySQL8Dialect
2024-06-17 18:13:43.186 [restartedMain] INFO  o.h.e.t.j.p.i.JtaPlatformInitiator - HHH000490: Using JtaPlatform implementation: [org.hibernate.engine.transaction.jta.platform.internal.NoJtaPlatform]
2024-06-17 18:13:43.186 [restartedMain] INFO  o.s.o.j.LocalContainerEntityManagerFactoryBean - Initialized JPA EntityManagerFactory for persistence unit 'default'
2024-06-17 18:13:43.281 [restartedMain] WARN  o.s.b.a.o.j.JpaBaseConfiguration$JpaWebConfiguration - spring.jpa.open-in-view is enabled by default. Therefore, database queries may be performed during view rendering. Explicitly configure spring.jpa.open-in-view to disable this warning
2024-06-17 18:13:43.302 [restartedMain] INFO  s.d.s.w.PropertySourcedRequestMappingHandlerMapping - Mapped URL path [/v2/api-docs] onto method [springfox.documentation.swagger2.web.Swagger2Controller#getDocumentation(String, HttpServletRequest)]
2024-06-17 18:13:43.313 [restartedMain] INFO  o.s.s.web.DefaultSecurityFilterChain - Will secure any request with [org.springframework.security.web.session.DisableEncodeUrlFilter@7426a0a8, org.springframework.security.web.context.request.async.WebAsyncManagerIntegrationFilter@355569b6, org.springframework.security.web.context.SecurityContextPersistenceFilter@78faf113, org.springframework.security.web.header.HeaderWriterFilter@5cbc7e1c, org.springframework.security.web.authentication.logout.LogoutFilter@1cc72bd3, com.luxtavern.security.JWTAuthenticationFilter@11e3ed0f, org.springframework.security.web.authentication.www.BasicAuthenticationFilter@3d6b6113, org.springframework.security.web.savedrequest.RequestCacheAwareFilter@656db755, org.springframework.security.web.servletapi.SecurityContextHolderAwareRequestFilter@5a1e797a, org.springframework.security.web.authentication.AnonymousAuthenticationFilter@776665d9, org.springframework.security.web.session.SessionManagementFilter@7623e9da, org.springframework.security.web.access.ExceptionTranslationFilter@2996838a, org.springframework.security.web.access.intercept.FilterSecurityInterceptor@30529813]
2024-06-17 18:13:43.329 [restartedMain] INFO  o.s.b.d.a.OptionalLiveReloadServer - LiveReload server is running on port 35729
2024-06-17 18:13:43.381 [restartedMain] INFO  o.s.b.w.e.tomcat.TomcatWebServer - Tomcat started on port(s): 9090 (http) with context path ''
2024-06-17 18:13:43.381 [restartedMain] INFO  s.d.s.w.p.DocumentationPluginsBootstrapper - Context refreshed
2024-06-17 18:13:43.382 [restartedMain] INFO  s.d.s.w.p.DocumentationPluginsBootstrapper - Found 1 custom documentation plugin(s)
2024-06-17 18:13:43.385 [restartedMain] INFO  s.d.s.w.s.ApiListingReferenceScanner - Scanning for api listing references
2024-06-17 18:13:43.406 [restartedMain] INFO  com.luxtavern.DemoApplication - Started DemoApplication in 0.569 seconds (JVM running for 29429.511)
2024-06-17 18:13:43.407 [restartedMain] INFO  o.s.b.d.a.ConditionEvaluationDeltaLoggingListener - Condition evaluation unchanged
2024-06-17 18:13:52.985 [Thread-92] INFO  o.s.o.j.LocalContainerEntityManagerFactoryBean - Closing JPA EntityManagerFactory for persistence unit 'default'
2024-06-17 18:13:52.986 [Thread-92] INFO  com.zaxxer.hikari.HikariDataSource - HikariPool-23 - Shutdown initiated...
2024-06-17 18:13:52.990 [Thread-92] INFO  com.zaxxer.hikari.HikariDataSource - HikariPool-23 - Shutdown completed.
2024-06-17 18:13:53.059 [restartedMain] INFO  com.luxtavern.DemoApplication - Starting DemoApplication using Java 17 on RAVIDESKTOP-PQFLAFL with PID 23948 (F:\myprojects\LuxTavern\target\classes started by RAVIKIRAN in F:\myprojects\LuxTavern)
2024-06-17 18:13:53.059 [restartedMain] DEBUG com.luxtavern.DemoApplication - Running with Spring Boot v2.7.1, Spring v5.3.21
2024-06-17 18:13:53.059 [restartedMain] INFO  com.luxtavern.DemoApplication - No active profile set, falling back to 1 default profile: "default"
2024-06-17 18:13:53.167 [restartedMain] INFO  o.s.d.r.c.RepositoryConfigurationDelegate - Bootstrapping Spring Data JPA repositories in DEFAULT mode.
2024-06-17 18:13:53.174 [restartedMain] INFO  o.s.d.r.c.RepositoryConfigurationDelegate - Finished Spring Data repository scanning in 5 ms. Found 2 JPA repository interfaces.
2024-06-17 18:13:53.247 [restartedMain] INFO  o.s.b.w.e.tomcat.TomcatWebServer - Tomcat initialized with port(s): 9090 (http)
2024-06-17 18:13:53.247 [restartedMain] INFO  o.a.catalina.core.StandardService - Starting service [Tomcat]
2024-06-17 18:13:53.247 [restartedMain] INFO  o.a.catalina.core.StandardEngine - Starting Servlet engine: [Apache Tomcat/9.0.64]
2024-06-17 18:13:53.260 [restartedMain] INFO  o.a.c.c.C.[Tomcat-3].[localhost].[/] - Initializing Spring embedded WebApplicationContext
2024-06-17 18:13:53.261 [restartedMain] INFO  o.s.b.w.s.c.ServletWebServerApplicationContext - Root WebApplicationContext: initialization completed in 200 ms
2024-06-17 18:13:53.279 [restartedMain] INFO  o.h.jpa.internal.util.LogHelper - HHH000204: Processing PersistenceUnitInfo [name: default]
2024-06-17 18:13:53.281 [restartedMain] INFO  com.zaxxer.hikari.HikariDataSource - HikariPool-24 - Starting...
2024-06-17 18:13:53.299 [restartedMain] INFO  com.zaxxer.hikari.HikariDataSource - HikariPool-24 - Start completed.
2024-06-17 18:13:53.299 [restartedMain] INFO  org.hibernate.dialect.Dialect - HHH000400: Using dialect: org.hibernate.dialect.MySQL8Dialect
2024-06-17 18:13:53.339 [restartedMain] INFO  o.h.e.t.j.p.i.JtaPlatformInitiator - HHH000490: Using JtaPlatform implementation: [org.hibernate.engine.transaction.jta.platform.internal.NoJtaPlatform]
2024-06-17 18:13:53.339 [restartedMain] INFO  o.s.o.j.LocalContainerEntityManagerFactoryBean - Initialized JPA EntityManagerFactory for persistence unit 'default'
2024-06-17 18:13:53.424 [restartedMain] WARN  o.s.b.a.o.j.JpaBaseConfiguration$JpaWebConfiguration - spring.jpa.open-in-view is enabled by default. Therefore, database queries may be performed during view rendering. Explicitly configure spring.jpa.open-in-view to disable this warning
2024-06-17 18:13:53.446 [restartedMain] INFO  s.d.s.w.PropertySourcedRequestMappingHandlerMapping - Mapped URL path [/v2/api-docs] onto method [springfox.documentation.swagger2.web.Swagger2Controller#getDocumentation(String, HttpServletRequest)]
2024-06-17 18:13:53.457 [restartedMain] INFO  o.s.s.web.DefaultSecurityFilterChain - Will secure any request with [org.springframework.security.web.session.DisableEncodeUrlFilter@1371766, org.springframework.security.web.context.request.async.WebAsyncManagerIntegrationFilter@2b2189cc, org.springframework.security.web.context.SecurityContextPersistenceFilter@25cc430e, org.springframework.security.web.header.HeaderWriterFilter@6499dc1a, org.springframework.security.web.authentication.logout.LogoutFilter@122024e7, com.luxtavern.security.JWTAuthenticationFilter@27be69c8, org.springframework.security.web.authentication.www.BasicAuthenticationFilter@1166a3bc, org.springframework.security.web.savedrequest.RequestCacheAwareFilter@705e2b41, org.springframework.security.web.servletapi.SecurityContextHolderAwareRequestFilter@5a0d505c, org.springframework.security.web.authentication.AnonymousAuthenticationFilter@3e155c0, org.springframework.security.web.session.SessionManagementFilter@72afb3c2, org.springframework.security.web.access.ExceptionTranslationFilter@1fd953cd, org.springframework.security.web.access.intercept.FilterSecurityInterceptor@32a7d686]
2024-06-17 18:13:53.476 [restartedMain] INFO  o.s.b.d.a.OptionalLiveReloadServer - LiveReload server is running on port 35729
2024-06-17 18:13:53.535 [restartedMain] INFO  o.s.b.w.e.tomcat.TomcatWebServer - Tomcat started on port(s): 9090 (http) with context path ''
2024-06-17 18:13:53.536 [restartedMain] INFO  s.d.s.w.p.DocumentationPluginsBootstrapper - Context refreshed
2024-06-17 18:13:53.536 [restartedMain] INFO  s.d.s.w.p.DocumentationPluginsBootstrapper - Found 1 custom documentation plugin(s)
2024-06-17 18:13:53.538 [restartedMain] INFO  s.d.s.w.s.ApiListingReferenceScanner - Scanning for api listing references
2024-06-17 18:13:53.567 [restartedMain] INFO  com.luxtavern.DemoApplication - Started DemoApplication in 0.526 seconds (JVM running for 29439.671)
2024-06-17 18:13:53.568 [restartedMain] INFO  o.s.b.d.a.ConditionEvaluationDeltaLoggingListener - Condition evaluation unchanged
2024-06-17 18:17:02.739 [Thread-96] INFO  o.s.o.j.LocalContainerEntityManagerFactoryBean - Closing JPA EntityManagerFactory for persistence unit 'default'
2024-06-17 18:17:02.740 [Thread-96] INFO  com.zaxxer.hikari.HikariDataSource - HikariPool-24 - Shutdown initiated...
2024-06-17 18:17:02.745 [Thread-96] INFO  com.zaxxer.hikari.HikariDataSource - HikariPool-24 - Shutdown completed.
2024-06-17 18:17:02.864 [restartedMain] INFO  com.luxtavern.DemoApplication - Starting DemoApplication using Java 17 on RAVIDESKTOP-PQFLAFL with PID 23948 (F:\myprojects\LuxTavern\target\classes started by RAVIKIRAN in F:\myprojects\LuxTavern)
2024-06-17 18:17:02.864 [restartedMain] DEBUG com.luxtavern.DemoApplication - Running with Spring Boot v2.7.1, Spring v5.3.21
2024-06-17 18:17:02.864 [restartedMain] INFO  com.luxtavern.DemoApplication - No active profile set, falling back to 1 default profile: "default"
2024-06-17 18:17:03.119 [restartedMain] INFO  o.s.d.r.c.RepositoryConfigurationDelegate - Bootstrapping Spring Data JPA repositories in DEFAULT mode.
2024-06-17 18:17:03.125 [restartedMain] INFO  o.s.d.r.c.RepositoryConfigurationDelegate - Finished Spring Data repository scanning in 6 ms. Found 2 JPA repository interfaces.
2024-06-17 18:17:03.200 [restartedMain] INFO  o.s.b.w.e.tomcat.TomcatWebServer - Tomcat initialized with port(s): 9090 (http)
2024-06-17 18:17:03.201 [restartedMain] INFO  o.a.catalina.core.StandardService - Starting service [Tomcat]
2024-06-17 18:17:03.201 [restartedMain] INFO  o.a.catalina.core.StandardEngine - Starting Servlet engine: [Apache Tomcat/9.0.64]
2024-06-17 18:17:03.213 [restartedMain] INFO  o.a.c.c.C.[Tomcat-3].[localhost].[/] - Initializing Spring embedded WebApplicationContext
2024-06-17 18:17:03.213 [restartedMain] INFO  o.s.b.w.s.c.ServletWebServerApplicationContext - Root WebApplicationContext: initialization completed in 347 ms
2024-06-17 18:17:03.233 [restartedMain] INFO  o.h.jpa.internal.util.LogHelper - HHH000204: Processing PersistenceUnitInfo [name: default]
2024-06-17 18:17:03.235 [restartedMain] INFO  com.zaxxer.hikari.HikariDataSource - HikariPool-25 - Starting...
2024-06-17 18:17:03.248 [restartedMain] INFO  com.zaxxer.hikari.HikariDataSource - HikariPool-25 - Start completed.
2024-06-17 18:17:03.248 [restartedMain] INFO  org.hibernate.dialect.Dialect - HHH000400: Using dialect: org.hibernate.dialect.MySQL8Dialect
2024-06-17 18:17:03.298 [restartedMain] INFO  o.h.e.t.j.p.i.JtaPlatformInitiator - HHH000490: Using JtaPlatform implementation: [org.hibernate.engine.transaction.jta.platform.internal.NoJtaPlatform]
2024-06-17 18:17:03.298 [restartedMain] INFO  o.s.o.j.LocalContainerEntityManagerFactoryBean - Initialized JPA EntityManagerFactory for persistence unit 'default'
2024-06-17 18:17:03.391 [restartedMain] WARN  o.s.b.a.o.j.JpaBaseConfiguration$JpaWebConfiguration - spring.jpa.open-in-view is enabled by default. Therefore, database queries may be performed during view rendering. Explicitly configure spring.jpa.open-in-view to disable this warning
2024-06-17 18:17:03.411 [restartedMain] INFO  s.d.s.w.PropertySourcedRequestMappingHandlerMapping - Mapped URL path [/v2/api-docs] onto method [springfox.documentation.swagger2.web.Swagger2Controller#getDocumentation(String, HttpServletRequest)]
2024-06-17 18:17:03.420 [restartedMain] INFO  o.s.s.web.DefaultSecurityFilterChain - Will secure any request with [org.springframework.security.web.session.DisableEncodeUrlFilter@4c1e3cab, org.springframework.security.web.context.request.async.WebAsyncManagerIntegrationFilter@16a8e9b9, org.springframework.security.web.context.SecurityContextPersistenceFilter@469fad81, org.springframework.security.web.header.HeaderWriterFilter@59ea9fdc, org.springframework.security.web.authentication.logout.LogoutFilter@1c704e96, com.luxtavern.security.JWTAuthenticationFilter@905cb56, org.springframework.security.web.authentication.www.BasicAuthenticationFilter@3bb54b27, org.springframework.security.web.savedrequest.RequestCacheAwareFilter@6f12ec8b, org.springframework.security.web.servletapi.SecurityContextHolderAwareRequestFilter@620b9aca, org.springframework.security.web.authentication.AnonymousAuthenticationFilter@18784522, org.springframework.security.web.session.SessionManagementFilter@7a17ec22, org.springframework.security.web.access.ExceptionTranslationFilter@6749cdb4, org.springframework.security.web.access.intercept.FilterSecurityInterceptor@5a35228]
2024-06-17 18:17:03.440 [restartedMain] INFO  o.s.b.d.a.OptionalLiveReloadServer - LiveReload server is running on port 35729
2024-06-17 18:17:03.486 [restartedMain] INFO  o.s.b.w.e.tomcat.TomcatWebServer - Tomcat started on port(s): 9090 (http) with context path ''
2024-06-17 18:17:03.486 [restartedMain] INFO  s.d.s.w.p.DocumentationPluginsBootstrapper - Context refreshed
2024-06-17 18:17:03.486 [restartedMain] INFO  s.d.s.w.p.DocumentationPluginsBootstrapper - Found 1 custom documentation plugin(s)
2024-06-17 18:17:03.489 [restartedMain] INFO  s.d.s.w.s.ApiListingReferenceScanner - Scanning for api listing references
2024-06-17 18:17:03.508 [restartedMain] INFO  com.luxtavern.DemoApplication - Started DemoApplication in 0.671 seconds (JVM running for 29629.613)
2024-06-17 18:17:03.509 [restartedMain] INFO  o.s.b.d.a.ConditionEvaluationDeltaLoggingListener - Condition evaluation unchanged
2024-06-17 18:17:50.555 [http-nio-9090-exec-7] INFO  o.a.c.c.C.[Tomcat-3].[localhost].[/] - Initializing Spring DispatcherServlet 'dispatcherServlet'
2024-06-17 18:17:50.555 [http-nio-9090-exec-7] INFO  o.s.web.servlet.DispatcherServlet - Initializing Servlet 'dispatcherServlet'
2024-06-17 18:17:50.558 [http-nio-9090-exec-7] INFO  o.s.web.servlet.DispatcherServlet - Completed initialization in 2 ms
2024-06-17 18:17:51.124 [http-nio-9090-exec-7] ERROR o.a.c.c.C.[.[.[.[dispatcherServlet] - Servlet.service() for servlet [dispatcherServlet] in context with path [] threw exception [Handler dispatch failed; nested exception is java.lang.NoClassDefFoundError: io/jsonwebtoken/Jwts] with root cause
java.lang.ClassNotFoundException: io.jsonwebtoken.Jwts
	at java.base/jdk.internal.loader.BuiltinClassLoader.loadClass(BuiltinClassLoader.java:641)
	at java.base/jdk.internal.loader.ClassLoaders$AppClassLoader.loadClass(ClassLoaders.java:188)
	at java.base/java.lang.ClassLoader.loadClass(ClassLoader.java:520)
	at java.base/java.lang.Class.forName0(Native Method)
	at java.base/java.lang.Class.forName(Class.java:467)
	at org.springframework.boot.devtools.restart.classloader.RestartClassLoader.loadClass(RestartClassLoader.java:145)
	at java.base/java.lang.ClassLoader.loadClass(ClassLoader.java:520)
	at com.luxtavern.security.JWTGenerator.generateToken(JWTGenerator.java:26)
	at com.luxtavern.controller.AuthController.login(AuthController.java:92)
	at com.luxtavern.controller.AuthController$$FastClassBySpringCGLIB$$44065ce2.invoke(<generated>)
	at org.springframework.cglib.proxy.MethodProxy.invoke(MethodProxy.java:218)
	at org.springframework.aop.framework.CglibAopProxy$CglibMethodInvocation.invokeJoinpoint(CglibAopProxy.java:793)
	at org.springframework.aop.framework.ReflectiveMethodInvocation.proceed(ReflectiveMethodInvocation.java:163)
	at org.springframework.aop.framework.CglibAopProxy$CglibMethodInvocation.proceed(CglibAopProxy.java:763)
	at org.springframework.validation.beanvalidation.MethodValidationInterceptor.invoke(MethodValidationInterceptor.java:123)
	at org.springframework.aop.framework.ReflectiveMethodInvocation.proceed(ReflectiveMethodInvocation.java:186)
	at org.springframework.aop.framework.CglibAopProxy$CglibMethodInvocation.proceed(CglibAopProxy.java:763)
	at org.springframework.aop.framework.CglibAopProxy$DynamicAdvisedInterceptor.intercept(CglibAopProxy.java:708)
	at com.luxtavern.controller.AuthController$$EnhancerBySpringCGLIB$$cd7b52fb.login(<generated>)
	at java.base/jdk.internal.reflect.NativeMethodAccessorImpl.invoke0(Native Method)
	at java.base/jdk.internal.reflect.NativeMethodAccessorImpl.invoke(NativeMethodAccessorImpl.java:77)
	at java.base/jdk.internal.reflect.DelegatingMethodAccessorImpl.invoke(DelegatingMethodAccessorImpl.java:43)
	at java.base/java.lang.reflect.Method.invoke(Method.java:568)
	at org.springframework.web.method.support.InvocableHandlerMethod.doInvoke(InvocableHandlerMethod.java:205)
	at org.springframework.web.method.support.InvocableHandlerMethod.invokeForRequest(InvocableHandlerMethod.java:150)
	at org.springframework.web.servlet.mvc.method.annotation.ServletInvocableHandlerMethod.invokeAndHandle(ServletInvocableHandlerMethod.java:117)
	at org.springframework.web.servlet.mvc.method.annotation.RequestMappingHandlerAdapter.invokeHandlerMethod(RequestMappingHandlerAdapter.java:895)
	at org.springframework.web.servlet.mvc.method.annotation.RequestMappingHandlerAdapter.handleInternal(RequestMappingHandlerAdapter.java:808)
	at org.springframework.web.servlet.mvc.method.AbstractHandlerMethodAdapter.handle(AbstractHandlerMethodAdapter.java:87)
	at org.springframework.web.servlet.DispatcherServlet.doDispatch(DispatcherServlet.java:1067)
	at org.springframework.web.servlet.DispatcherServlet.doService(DispatcherServlet.java:963)
	at org.springframework.web.servlet.FrameworkServlet.processRequest(FrameworkServlet.java:1006)
	at org.springframework.web.servlet.FrameworkServlet.doPost(FrameworkServlet.java:909)
	at javax.servlet.http.HttpServlet.service(HttpServlet.java:681)
	at org.springframework.web.servlet.FrameworkServlet.service(FrameworkServlet.java:883)
	at javax.servlet.http.HttpServlet.service(HttpServlet.java:764)
	at org.apache.catalina.core.ApplicationFilterChain.internalDoFilter(ApplicationFilterChain.java:227)
	at org.apache.catalina.core.ApplicationFilterChain.doFilter(ApplicationFilterChain.java:162)
	at org.apache.tomcat.websocket.server.WsFilter.doFilter(WsFilter.java:53)
	at org.apache.catalina.core.ApplicationFilterChain.internalDoFilter(ApplicationFilterChain.java:189)
	at org.apache.catalina.core.ApplicationFilterChain.doFilter(ApplicationFilterChain.java:162)
	at org.springframework.security.web.FilterChainProxy$VirtualFilterChain.doFilter(FilterChainProxy.java:327)
	at org.springframework.security.web.access.intercept.FilterSecurityInterceptor.invoke(FilterSecurityInterceptor.java:115)
	at org.springframework.security.web.access.intercept.FilterSecurityInterceptor.doFilter(FilterSecurityInterceptor.java:81)
	at org.springframework.security.web.FilterChainProxy$VirtualFilterChain.doFilter(FilterChainProxy.java:336)
	at org.springframework.security.web.access.ExceptionTranslationFilter.doFilter(ExceptionTranslationFilter.java:122)
	at org.springframework.security.web.access.ExceptionTranslationFilter.doFilter(ExceptionTranslationFilter.java:116)
	at org.springframework.security.web.FilterChainProxy$VirtualFilterChain.doFilter(FilterChainProxy.java:336)
	at org.springframework.security.web.session.SessionManagementFilter.doFilter(SessionManagementFilter.java:126)
	at org.springframework.security.web.session.SessionManagementFilter.doFilter(SessionManagementFilter.java:81)
	at org.springframework.security.web.FilterChainProxy$VirtualFilterChain.doFilter(FilterChainProxy.java:336)
	at org.springframework.security.web.authentication.AnonymousAuthenticationFilter.doFilter(AnonymousAuthenticationFilter.java:109)
	at org.springframework.security.web.FilterChainProxy$VirtualFilterChain.doFilter(FilterChainProxy.java:336)
	at org.springframework.security.web.servletapi.SecurityContextHolderAwareRequestFilter.doFilter(SecurityContextHolderAwareRequestFilter.java:149)
	at org.springframework.security.web.FilterChainProxy$VirtualFilterChain.doFilter(FilterChainProxy.java:336)
	at org.springframework.security.web.savedrequest.RequestCacheAwareFilter.doFilter(RequestCacheAwareFilter.java:63)
	at org.springframework.security.web.FilterChainProxy$VirtualFilterChain.doFilter(FilterChainProxy.java:336)
	at org.springframework.security.web.authentication.www.BasicAuthenticationFilter.doFilterInternal(BasicAuthenticationFilter.java:166)
	at org.springframework.web.filter.OncePerRequestFilter.doFilter(OncePerRequestFilter.java:117)
	at org.springframework.security.web.FilterChainProxy$VirtualFilterChain.doFilter(FilterChainProxy.java:336)
	at com.luxtavern.security.JWTAuthenticationFilter.doFilterInternal(JWTAuthenticationFilter.java:36)
	at org.springframework.web.filter.OncePerRequestFilter.doFilter(OncePerRequestFilter.java:117)
	at org.springframework.security.web.FilterChainProxy$VirtualFilterChain.doFilter(FilterChainProxy.java:336)
	at org.springframework.security.web.authentication.logout.LogoutFilter.doFilter(LogoutFilter.java:103)
	at org.springframework.security.web.authentication.logout.LogoutFilter.doFilter(LogoutFilter.java:89)
	at org.springframework.security.web.FilterChainProxy$VirtualFilterChain.doFilter(FilterChainProxy.java:336)
	at org.springframework.security.web.header.HeaderWriterFilter.doHeadersAfter(HeaderWriterFilter.java:90)
	at org.springframework.security.web.header.HeaderWriterFilter.doFilterInternal(HeaderWriterFilter.java:75)
	at org.springframework.web.filter.OncePerRequestFilter.doFilter(OncePerRequestFilter.java:117)
	at org.springframework.security.web.FilterChainProxy$VirtualFilterChain.doFilter(FilterChainProxy.java:336)
	at org.springframework.security.web.context.SecurityContextPersistenceFilter.doFilter(SecurityContextPersistenceFilter.java:112)
	at org.springframework.security.web.context.SecurityContextPersistenceFilter.doFilter(SecurityContextPersistenceFilter.java:82)
	at org.springframework.security.web.FilterChainProxy$VirtualFilterChain.doFilter(FilterChainProxy.java:336)
	at org.springframework.security.web.context.request.async.WebAsyncManagerIntegrationFilter.doFilterInternal(WebAsyncManagerIntegrationFilter.java:55)
	at org.springframework.web.filter.OncePerRequestFilter.doFilter(OncePerRequestFilter.java:117)
	at org.springframework.security.web.FilterChainProxy$VirtualFilterChain.doFilter(FilterChainProxy.java:336)
	at org.springframework.security.web.session.DisableEncodeUrlFilter.doFilterInternal(DisableEncodeUrlFilter.java:42)
	at org.springframework.web.filter.OncePerRequestFilter.doFilter(OncePerRequestFilter.java:117)
	at org.springframework.security.web.FilterChainProxy$VirtualFilterChain.doFilter(FilterChainProxy.java:336)
	at org.springframework.security.web.FilterChainProxy.doFilterInternal(FilterChainProxy.java:211)
	at org.springframework.security.web.FilterChainProxy.doFilter(FilterChainProxy.java:183)
	at org.springframework.web.filter.DelegatingFilterProxy.invokeDelegate(DelegatingFilterProxy.java:354)
	at org.springframework.web.filter.DelegatingFilterProxy.doFilter(DelegatingFilterProxy.java:267)
	at org.apache.catalina.core.ApplicationFilterChain.internalDoFilter(ApplicationFilterChain.java:189)
	at org.apache.catalina.core.ApplicationFilterChain.doFilter(ApplicationFilterChain.java:162)
	at org.springframework.web.filter.CharacterEncodingFilter.doFilterInternal(CharacterEncodingFilter.java:201)
	at org.springframework.web.filter.OncePerRequestFilter.doFilter(OncePerRequestFilter.java:117)
	at org.apache.catalina.core.ApplicationFilterChain.internalDoFilter(ApplicationFilterChain.java:189)
	at org.apache.catalina.core.ApplicationFilterChain.doFilter(ApplicationFilterChain.java:162)
	at org.apache.catalina.core.StandardWrapperValve.invoke(StandardWrapperValve.java:197)
	at org.apache.catalina.core.StandardContextValve.invoke(StandardContextValve.java:97)
	at org.apache.catalina.authenticator.AuthenticatorBase.invoke(AuthenticatorBase.java:541)
	at org.apache.catalina.core.StandardHostValve.invoke(StandardHostValve.java:135)
	at org.apache.catalina.valves.ErrorReportValve.invoke(ErrorReportValve.java:92)
	at org.apache.catalina.core.StandardEngineValve.invoke(StandardEngineValve.java:78)
	at org.apache.catalina.connector.CoyoteAdapter.service(CoyoteAdapter.java:360)
	at org.apache.coyote.http11.Http11Processor.service(Http11Processor.java:399)
	at org.apache.coyote.AbstractProcessorLight.process(AbstractProcessorLight.java:65)
	at org.apache.coyote.AbstractProtocol$ConnectionHandler.process(AbstractProtocol.java:890)
	at org.apache.tomcat.util.net.NioEndpoint$SocketProcessor.doRun(NioEndpoint.java:1787)
	at org.apache.tomcat.util.net.SocketProcessorBase.run(SocketProcessorBase.java:49)
	at org.apache.tomcat.util.threads.ThreadPoolExecutor.runWorker(ThreadPoolExecutor.java:1191)
	at org.apache.tomcat.util.threads.ThreadPoolExecutor$Worker.run(ThreadPoolExecutor.java:659)
	at org.apache.tomcat.util.threads.TaskThread$WrappingRunnable.run(TaskThread.java:61)
	at java.base/java.lang.Thread.run(Thread.java:833)
2024-06-17 18:18:39.216 [RMI TCP Connection(427)-127.0.0.1] INFO  o.s.b.a.SpringApplicationAdminMXBeanRegistrar$SpringApplicationAdmin - Application shutdown requested.
2024-06-17 18:18:39.228 [RMI TCP Connection(427)-127.0.0.1] INFO  o.s.o.j.LocalContainerEntityManagerFactoryBean - Closing JPA EntityManagerFactory for persistence unit 'default'
2024-06-17 18:18:39.228 [RMI TCP Connection(427)-127.0.0.1] INFO  com.zaxxer.hikari.HikariDataSource - HikariPool-25 - Shutdown initiated...
2024-06-17 18:18:39.233 [RMI TCP Connection(427)-127.0.0.1] INFO  com.zaxxer.hikari.HikariDataSource - HikariPool-25 - Shutdown completed.
